#
# There is insufficient memory for the Java Runtime Environment to continue.
# Native memory allocation (mmap) failed to map 130023424 bytes. Error detail: G1 virtual space
# Possible reasons:
#   The system is out of physical RAM or swap space
#   This process is running with CompressedOops enabled, and the Java Heap may be blocking the growth of the native heap
# Possible solutions:
#   Reduce memory load on the system
#   Increase physical memory or swap space
#   Check if swap backing store is full
#   Decrease Java heap size (-Xmx/-Xms)
#   Decrease number of Java threads
#   Decrease Java thread stack sizes (-Xss)
#   Set larger code cache with -XX:ReservedCodeCacheSize=
#   JVM is running with Unscaled Compressed Oops mode in which the Java heap is
#     placed in the first 4GB address space. The Java Heap base address is the
#     maximum limit for the native heap growth. Please use -XX:HeapBaseMinAddress
#     to set the Java Heap base and to place the Java Heap above 4GB virtual address.
# This output file may be truncated or incomplete.
#
#  Out of Memory Error (os_windows.cpp:3828), pid=18636, tid=34156
#
# JRE version:  (21.0.4) (build )
# Java VM: OpenJDK 64-Bit Server VM (21.0.4+-12508038-b607.1, mixed mode, sharing, tiered, compressed oops, compressed class ptrs, g1 gc, windows-amd64)
# No core dump will be written. Minidumps are not enabled by default on client versions of Windows
#

---------------  S U M M A R Y ------------

Command Line: org.jetbrains.kotlin.cli.jvm.K2JVMCompiler @C:\Users\Ateeque\AndroidStudioProjects\WavesOfFood\app\build\20250321_15937264043895817846.compiler.options

Host: 11th Gen Intel(R) Core(TM) i5-1135G7 @ 2.40GHz, 8 cores, 7G,  Windows 11 , 64 bit Build 22621 (10.0.22621.4974)
Time: Fri Mar 21 16:39:02 2025 India Standard Time elapsed time: 0.012716 seconds (0d 0h 0m 0s)

---------------  T H R E A D  ---------------

Current thread (0x000002619589ff40):  JavaThread "Unknown thread" [_thread_in_vm, id=34156, stack(0x000000e7c1e00000,0x000000e7c1f00000) (1024K)]

Stack: [0x000000e7c1e00000,0x000000e7c1f00000]
Native frames: (J=compiled Java code, j=interpreted, Vv=VM code, C=native code)
V  [jvm.dll+0x6ce539]
V  [jvm.dll+0x85bf03]
V  [jvm.dll+0x85e45e]
V  [jvm.dll+0x85eb43]
V  [jvm.dll+0x27dd06]
V  [jvm.dll+0x6cada5]
V  [jvm.dll+0x6bf27a]
V  [jvm.dll+0x3541fb]
V  [jvm.dll+0x35be36]
V  [jvm.dll+0x3adbc6]
V  [jvm.dll+0x3ade98]
V  [jvm.dll+0x32691c]
V  [jvm.dll+0x32760b]
V  [jvm.dll+0x823959]
V  [jvm.dll+0x3bacf8]
V  [jvm.dll+0x80cd58]
V  [jvm.dll+0x44ef2e]
V  [jvm.dll+0x450691]
C  [jli.dll+0x52ab]
C  [ucrtbase.dll+0x29333]
C  [KERNEL32.DLL+0x1259d]
C  [ntdll.dll+0x5af38]


---------------  P R O C E S S  ---------------

Threads class SMR info:
_java_thread_list=0x00007ffed878a808, length=0, elements={
}

Java Threads: ( => current thread )
Total: 0

Other Threads:
  0x0000026197a7ced0 WorkerThread "GC Thread#0"                     [id=20820, stack(0x000000e7c1f00000,0x000000e7c2000000) (1024K)]
  0x0000026197a8d520 ConcurrentGCThread "G1 Main Marker"            [id=4160, stack(0x000000e7c2000000,0x000000e7c2100000) (1024K)]
  0x0000026197a8efd0 WorkerThread "G1 Conc#0"                       [id=30124, stack(0x000000e7c2100000,0x000000e7c2200000) (1024K)]

[error occurred during error reporting (printing all threads), id 0xc0000005, EXCEPTION_ACCESS_VIOLATION (0xc0000005) at pc=0x00007ffed7f89957]
VM state: not at safepoint (not fully initialized)

VM Mutex/Monitor currently owned by a thread:  ([mutex/lock_event])
[0x00007ffed87f73f8] Heap_lock - owner thread: 0x000002619589ff40

Heap address: 0x0000000085800000, size: 1960 MB, Compressed Oops mode: 32-bit

CDS archive(s) mapped at: [0x0000000000000000-0x0000000000000000-0x0000000000000000), size 0, SharedBaseAddress: 0x0000000800000000, ArchiveRelocationMode: 1.
Narrow klass base: 0x0000000000000000, Narrow klass shift: 0, Narrow klass range: 0x0

GC Precious Log:
 CardTable entry size: 512
 Card Set container configuration: InlinePtr #cards 5 size 8 Array Of Cards #cards 12 size 40 Howl #buckets 4 coarsen threshold 1843 Howl Bitmap #cards 512 size 80 coarsen threshold 460 Card regions per heap region 1 cards per card region 2048

Heap:
 garbage-first heap   total 0K, used 0K [0x0000000085800000, 0x0000000100000000)
  region size 1024K, 0 young (0K), 0 survivors (0K)
 Metaspace       used 0K, committed 0K, reserved 0K
  class space    used 0K, committed 0K, reserved 0K

Heap Regions: E=young(eden), S=young(survivor), O=old, HS=humongous(starts), HC=humongous(continues), CS=collection set, F=free, TAMS=top-at-mark-start, PB=parsable bottom

Card table byte_map: [0x00000261aa280000,0x00000261aa660000] _byte_map_base: 0x00000261a9e54000

Marking Bits: (CMBitMap*) 0x0000026197a7d5d0
 Bits: [0x00000261aa660000, 0x00000261ac500000)

GC Heap History (0 events):
No events

Dll operation events (1 events):
Event: 0.008 Loaded shared library C:\Program Files\Android\Android Studio5\jbr\bin\java.dll

Deoptimization events (0 events):
No events

Classes loaded (0 events):
No events

Classes unloaded (0 events):
No events

Classes redefined (0 events):
No events

Internal exceptions (0 events):
No events

ZGC Phase Switch (0 events):
No events

VM Operations (0 events):
No events

Memory protections (0 events):
No events

Nmethod flushes (0 events):
No events

Events (0 events):
No events


Dynamic libraries:
0x00007ff618810000 - 0x00007ff61881a000 	C:\Program Files\Android\Android Studio5\jbr\bin\java.exe
0x00007fff4fed0000 - 0x00007fff500e7000 	C:\WINDOWS\SYSTEM32\ntdll.dll
0x00007fff4ebc0000 - 0x00007fff4ec84000 	C:\WINDOWS\System32\KERNEL32.DLL
0x00007fff4d350000 - 0x00007fff4d721000 	C:\WINDOWS\System32\KERNELBASE.dll
0x00007fff4d200000 - 0x00007fff4d311000 	C:\WINDOWS\System32\ucrtbase.dll
0x00007fff466b0000 - 0x00007fff466c8000 	C:\Program Files\Android\Android Studio5\jbr\bin\jli.dll
0x00007fff32aa0000 - 0x00007fff32abb000 	C:\Program Files\Android\Android Studio5\jbr\bin\VCRUNTIME140.dll
0x00007fff4dba0000 - 0x00007fff4dd51000 	C:\WINDOWS\System32\USER32.dll
0x00007fff4d320000 - 0x00007fff4d346000 	C:\WINDOWS\System32\win32u.dll
0x00007fff31bb0000 - 0x00007fff31e42000 	C:\WINDOWS\WinSxS\amd64_microsoft.windows.common-controls_6595b64144ccf1df_6.0.22621.4830_none_270fe7d773858e80\COMCTL32.dll
0x00007fff4e000000 - 0x00007fff4e0a7000 	C:\WINDOWS\System32\msvcrt.dll
0x00007fff4eb80000 - 0x00007fff4eba9000 	C:\WINDOWS\System32\GDI32.dll
0x00007fff4d730000 - 0x00007fff4d84b000 	C:\WINDOWS\System32\gdi32full.dll
0x00007fff4db00000 - 0x00007fff4db9a000 	C:\WINDOWS\System32\msvcp_win.dll
0x00007fff4fc90000 - 0x00007fff4fcc1000 	C:\WINDOWS\System32\IMM32.DLL
0x00007fff43600000 - 0x00007fff4360c000 	C:\Program Files\Android\Android Studio5\jbr\bin\vcruntime140_1.dll
0x00007fff17670000 - 0x00007fff176fd000 	C:\Program Files\Android\Android Studio5\jbr\bin\msvcp140.dll
0x00007ffed7c50000 - 0x00007ffed88d3000 	C:\Program Files\Android\Android Studio5\jbr\bin\server\jvm.dll
0x00007fff4e9a0000 - 0x00007fff4ea51000 	C:\WINDOWS\System32\ADVAPI32.dll
0x00007fff4fde0000 - 0x00007fff4fe87000 	C:\WINDOWS\System32\sechost.dll
0x00007fff4d010000 - 0x00007fff4d038000 	C:\WINDOWS\System32\bcrypt.dll
0x00007fff4f660000 - 0x00007fff4f774000 	C:\WINDOWS\System32\RPCRT4.dll
0x00007fff4f3e0000 - 0x00007fff4f451000 	C:\WINDOWS\System32\WS2_32.dll
0x00007fff4cee0000 - 0x00007fff4cf2d000 	C:\WINDOWS\SYSTEM32\POWRPROF.dll
0x00007fff466d0000 - 0x00007fff466da000 	C:\WINDOWS\SYSTEM32\VERSION.dll
0x00007fff46740000 - 0x00007fff46774000 	C:\WINDOWS\SYSTEM32\WINMM.dll
0x00007fff4cec0000 - 0x00007fff4ced3000 	C:\WINDOWS\SYSTEM32\UMPDC.dll
0x00007fff4c020000 - 0x00007fff4c038000 	C:\WINDOWS\SYSTEM32\kernel.appcore.dll
0x00007fff3fb90000 - 0x00007fff3fb9a000 	C:\Program Files\Android\Android Studio5\jbr\bin\jimage.dll
0x00007fff4a980000 - 0x00007fff4abb2000 	C:\WINDOWS\SYSTEM32\DBGHELP.DLL
0x00007fff4f050000 - 0x00007fff4f3e0000 	C:\WINDOWS\System32\combase.dll
0x00007fff4f580000 - 0x00007fff4f657000 	C:\WINDOWS\System32\OLEAUT32.dll
0x00007fff42360000 - 0x00007fff42392000 	C:\WINDOWS\SYSTEM32\dbgcore.DLL
0x00007fff4d180000 - 0x00007fff4d1fb000 	C:\WINDOWS\System32\bcryptPrimitives.dll
0x00007fff12360000 - 0x00007fff12380000 	C:\Program Files\Android\Android Studio5\jbr\bin\java.dll

dbghelp: loaded successfully - version: 4.0.5 - missing functions: none
symbol engine: initialized successfully - sym options: 0x614 - pdb path: .;C:\Program Files\Android\Android Studio5\jbr\bin;C:\WINDOWS\SYSTEM32;C:\WINDOWS\WinSxS\amd64_microsoft.windows.common-controls_6595b64144ccf1df_6.0.22621.4830_none_270fe7d773858e80;C:\Program Files\Android\Android Studio5\jbr\bin\server

VM Arguments:
java_command: org.jetbrains.kotlin.cli.jvm.K2JVMCompiler @C:\Users\Ateeque\AndroidStudioProjects\WavesOfFood\app\build\20250321_15937264043895817846.compiler.options
java_class_path (initial): C:\Users\Ateeque\.gradle\caches\modules-2\files-2.1\org.jetbrains.kotlin\kotlin-compiler-embeddable\2.1.0\988bf980588bbbcfa1ba19c1ffd7aa869b335a31\kotlin-compiler-embeddable-2.1.0.jar;C:\Users\Ateeque\.gradle\caches\modules-2\files-2.1\org.jetbrains.kotlin\kotlin-stdlib\2.1.0\85f8b81009cda5890e54ba67d64b5e599c645020\kotlin-stdlib-2.1.0.jar;C:\Users\Ateeque\.gradle\caches\modules-2\files-2.1\org.jetbrains.kotlin\kotlin-script-runtime\2.1.0\5909da8c57b75a117714ab0e348c86101b7a3284\kotlin-script-runtime-2.1.0.jar;C:\Users\Ateeque\.gradle\caches\modules-2\files-2.1\org.jetbrains.kotlin\kotlin-reflect\1.6.10\1cbe9c92c12a94eea200d23c2bbaedaf3daf5132\kotlin-reflect-1.6.10.jar;C:\Users\Ateeque\.gradle\caches\modules-2\files-2.1\org.jetbrains.kotlin\kotlin-daemon-embeddable\2.1.0\420bae1908e4a353f5b56c3c850d24d86367b25d\kotlin-daemon-embeddable-2.1.0.jar;C:\Users\Ateeque\.gradle\caches\modules-2\files-2.1\org.jetbrains.intellij.deps\trove4j\1.0.20200330\3afb14d5f9ceb459d724e907a21145e8ff394f02\trove4j-1.0.20200330.jar;C:\Users\Ateeque\.gradle\caches\modules-2\files-2.1\org.jetbrains.kotlinx\kotlinx-coroutines-core-jvm\1.6.4\2c997cd1c0ef33f3e751d3831929aeff1390cb30\kotlinx-coroutines-core-jvm-1.6.4.jar;C:\Users\Ateeque\.gradle\caches\modules-2\files-2.1\org.jetbrains\annotations\13.0\919f0dfe192fb4e063e7dacadee7f8bb9a2672a9\annotations-13.0.jar
Launcher Type: SUN_STANDARD

[Global flags]
     intx CICompilerCount                          = 4                                         {product} {ergonomic}
     uint ConcGCThreads                            = 2                                         {product} {ergonomic}
     uint G1ConcRefinementThreads                  = 8                                         {product} {ergonomic}
   size_t G1HeapRegionSize                         = 1048576                                   {product} {ergonomic}
    uintx GCDrainStackTargetSize                   = 64                                        {product} {ergonomic}
   size_t InitialHeapSize                          = 130023424                                 {product} {ergonomic}
   size_t MarkStackSize                            = 4194304                                   {product} {ergonomic}
   size_t MaxHeapSize                              = 2055208960                                {product} {ergonomic}
   size_t MinHeapDeltaBytes                        = 1048576                                   {product} {ergonomic}
   size_t MinHeapSize                              = 8388608                                   {product} {ergonomic}
    uintx NonNMethodCodeHeapSize                   = 5839372                                {pd product} {ergonomic}
    uintx NonProfiledCodeHeapSize                  = 122909434                              {pd product} {ergonomic}
    uintx ProfiledCodeHeapSize                     = 122909434                              {pd product} {ergonomic}
    uintx ReservedCodeCacheSize                    = 251658240                              {pd product} {ergonomic}
     bool SegmentedCodeCache                       = true                                      {product} {ergonomic}
   size_t SoftMaxHeapSize                          = 2055208960                             {manageable} {ergonomic}
     bool UseCompressedOops                        = true                           {product lp64_product} {ergonomic}
     bool UseG1GC                                  = true                                      {product} {ergonomic}
     bool UseLargePagesIndividualAllocation        = false                                  {pd product} {ergonomic}

Logging:
Log output configuration:
 #0: stdout all=warning uptime,level,tags foldmultilines=false
 #1: stderr all=off uptime,level,tags foldmultilines=false

Environment Variables:
PATH=C:\Program Files\Eclipse Adoptium\jdk-17.0.2.8-hotspot\bin;C:\Program Files\Common Files\Oracle\Java\javapath;C:\WINDOWS\system32;C:\WINDOWS;C:\WINDOWS\System32\Wbem;C:\WINDOWS\System32\WindowsPowerShell\v1.0\;C:\WINDOWS\System32\OpenSSH\;C:\Program Files\MySQL\MySQL Server 8.0\bin;C:\Program Files\Git\cmd;C:\Users\Ateeque\OneDrive\Desktop\Downloads\New folder (8)\openssl-0.9.8k_X64\bin;C:\Program Files\MySQL\MySQL Shell 8.0\bin\;C:\Users\Ateeque\AppData\Local\Microsoft\WindowsApps;;C:\Users\Ateeque\AppData\Local\Programs\Microsoft VS Code\bin
USERNAME=Ateeque
OS=Windows_NT
PROCESSOR_IDENTIFIER=Intel64 Family 6 Model 140 Stepping 1, GenuineIntel
TMP=C:\Users\Ateeque\AppData\Local\Temp
TEMP=C:\Users\Ateeque\AppData\Local\Temp




Periodic native trim disabled

JNI global refs:
JNI global refs: 0, weak refs: 0

JNI global refs memory usage: 0, weak refs: 0

Process memory usage:
Resident Set Size: 11692K (0% of 8022532K total physical memory with 478956K free physical memory)

OOME stack traces (most recent first):
Classloader memory used:

---------------  S Y S T E M  ---------------

OS:
 Windows 11 , 64 bit Build 22621 (10.0.22621.4974)
OS uptime: 8 days 11:30 hours
Hyper-V role detected

CPU: total 8 (initial active 8) (4 cores per cpu, 2 threads per core) family 6 model 140 stepping 1 microcode 0xb4, cx8, cmov, fxsr, ht, mmx, 3dnowpref, sse, sse2, sse3, ssse3, sse4.1, sse4.2, popcnt, lzcnt, tsc, tscinvbit, avx, avx2, aes, erms, clmul, bmi1, bmi2, adx, avx512f, avx512dq, avx512cd, avx512bw, avx512vl, sha, fma, vzeroupper, avx512_vpopcntdq, avx512_vpclmulqdq, avx512_vaes, avx512_vnni, clflush, clflushopt, clwb, avx512_vbmi2, avx512_vbmi, hv, rdtscp, rdpid, fsrm, gfni, avx512_bitalg, f16c, cet_ibt, cet_ss, avx512_ifma
Processor Information for all 8 processors :
  Max Mhz: 2401, Current Mhz: 2401, Mhz Limit: 2401

Memory: 4k page, system-wide physical 7834M (469M free)
TotalPageFile size 31386M (AvailPageFile size 14M)
current process WorkingSet (physical memory assigned to process): 11M, peak: 11M
current process commit charge ("private bytes"): 60M, peak: 184M

vm_info: OpenJDK 64-Bit Server VM (21.0.4+-12508038-b607.1) for windows-amd64 JRE (21.0.4+-12508038-b607.1), built on 2024-10-16T17:23:34Z by "builder" with MS VC++ 16.10 / 16.11 (VS2019)

END.
